<?xml version="1.0" encoding="UTF-8" ?>
<testsuite failures="0" time="0.543" errors="0" skipped="0" tests="53" name="randstad.test.RunCukesTest">
  <properties>
    <property name="java.runtime.name" value="Java(TM) SE Runtime Environment"/>
    <property name="sun.boot.library.path" value="/Library/Java/JavaVirtualMachines/jdk1.7.0_51.jdk/Contents/Home/jre/lib"/>
    <property name="java.vm.version" value="24.51-b03"/>
    <property name="gopherProxySet" value="false"/>
    <property name="java.vm.vendor" value="Oracle Corporation"/>
    <property name="java.vendor.url" value="http://java.oracle.com/"/>
    <property name="path.separator" value=":"/>
    <property name="guice.disable.misplaced.annotation.check" value="true"/>
    <property name="java.vm.name" value="Java HotSpot(TM) 64-Bit Server VM"/>
    <property name="file.encoding.pkg" value="sun.io"/>
    <property name="user.country" value="US"/>
    <property name="sun.java.launcher" value="SUN_STANDARD"/>
    <property name="sun.os.patch.level" value="unknown"/>
    <property name="java.vm.specification.name" value="Java Virtual Machine Specification"/>
    <property name="user.dir" value="/Users/gersonlobos/Documents/WorkingPath/Eclipse/randstad"/>
    <property name="java.runtime.version" value="1.7.0_51-b13"/>
    <property name="java.awt.graphicsenv" value="sun.awt.CGraphicsEnvironment"/>
    <property name="java.endorsed.dirs" value="/Library/Java/JavaVirtualMachines/jdk1.7.0_51.jdk/Contents/Home/jre/lib/endorsed"/>
    <property name="os.arch" value="x86_64"/>
    <property name="java.io.tmpdir" value="/var/folders/g7/p45m7_gj4v3g_jdxyr8x1nbh0000gn/T/"/>
    <property name="line.separator" value="
"/>
    <property name="java.vm.specification.vendor" value="Oracle Corporation"/>
    <property name="os.name" value="Mac OS X"/>
    <property name="classworlds.conf" value="/Users/gersonlobos/Documents/WorkingPath/Eclipse/.metadata/.plugins/org.eclipse.m2e.launching/launches/m2conf4131534928004526807.tmp"/>
    <property name="sun.jnu.encoding" value="UTF-8"/>
    <property name="java.library.path" value="/Users/gersonlobos/Library/Java/Extensions:/Library/Java/Extensions:/Network/Library/Java/Extensions:/System/Library/Java/Extensions:/usr/lib/java:."/>
    <property name="java.specification.name" value="Java Platform API Specification"/>
    <property name="java.class.version" value="51.0"/>
    <property name="sun.management.compiler" value="HotSpot 64-Bit Tiered Compilers"/>
    <property name="os.version" value="10.9.2"/>
    <property name="http.nonProxyHosts" value="local|*.local|169.254/16|*.169.254/16"/>
    <property name="user.home" value="/Users/gersonlobos"/>
    <property name="user.timezone" value="America/New_York"/>
    <property name="java.awt.printerjob" value="sun.lwawt.macosx.CPrinterJob"/>
    <property name="java.specification.version" value="1.7"/>
    <property name="file.encoding" value="UTF-8"/>
    <property name="user.name" value="gersonlobos"/>
    <property name="java.class.path" value="/Users/gersonlobos/Downloads/eclipse/plugins/org.eclipse.m2e.maven.runtime_1.5.0.20131218-0705/jars/plexus-classworlds-2.5.1.jar"/>
    <property name="org.slf4j.simpleLogger.defaultLogLevel" value="info"/>
    <property name="java.vm.specification.version" value="1.7"/>
    <property name="sun.arch.data.model" value="64"/>
    <property name="java.home" value="/Library/Java/JavaVirtualMachines/jdk1.7.0_51.jdk/Contents/Home/jre"/>
    <property name="sun.java.command" value="org.codehaus.plexus.classworlds.launcher.Launcher -B test"/>
    <property name="java.specification.vendor" value="Oracle Corporation"/>
    <property name="user.language" value="en"/>
    <property name="awt.toolkit" value="sun.lwawt.macosx.LWCToolkit"/>
    <property name="java.vm.info" value="mixed mode"/>
    <property name="java.version" value="1.7.0_51"/>
    <property name="java.ext.dirs" value="/Users/gersonlobos/Library/Java/Extensions:/Library/Java/JavaVirtualMachines/jdk1.7.0_51.jdk/Contents/Home/jre/lib/ext:/Library/Java/Extensions:/Network/Library/Java/Extensions:/System/Library/Java/Extensions:/usr/lib/java"/>
    <property name="sun.boot.class.path" value="/Library/Java/JavaVirtualMachines/jdk1.7.0_51.jdk/Contents/Home/jre/lib/resources.jar:/Library/Java/JavaVirtualMachines/jdk1.7.0_51.jdk/Contents/Home/jre/lib/rt.jar:/Library/Java/JavaVirtualMachines/jdk1.7.0_51.jdk/Contents/Home/jre/lib/sunrsasign.jar:/Library/Java/JavaVirtualMachines/jdk1.7.0_51.jdk/Contents/Home/jre/lib/jsse.jar:/Library/Java/JavaVirtualMachines/jdk1.7.0_51.jdk/Contents/Home/jre/lib/jce.jar:/Library/Java/JavaVirtualMachines/jdk1.7.0_51.jdk/Contents/Home/jre/lib/charsets.jar:/Library/Java/JavaVirtualMachines/jdk1.7.0_51.jdk/Contents/Home/jre/lib/jfr.jar:/Library/Java/JavaVirtualMachines/jdk1.7.0_51.jdk/Contents/Home/jre/classes"/>
    <property name="java.vendor" value="Oracle Corporation"/>
    <property name="maven.home" value="/Users/gersonlobos/Documents/WorkingPath/Eclipse/randstad/EMBEDDED"/>
    <property name="file.separator" value="/"/>
    <property name="java.vendor.url.bug" value="http://bugreport.sun.com/bugreport/"/>
    <property name="sun.cpu.endian" value="little"/>
    <property name="sun.io.unicode.encoding" value="UnicodeBig"/>
    <property name="socksNonProxyHosts" value="local|*.local|169.254/16|*.169.254/16"/>
    <property name="ftp.nonProxyHosts" value="local|*.local|169.254/16|*.169.254/16"/>
    <property name="sun.cpu.isalist" value=""/>
  </properties>
  <testcase time="0.002" classname="Scenario: Search by valid last name" name="Given user is on search page"/>
  <testcase time="0" classname="Scenario: Search by valid last name" name="When user enters &quot;Allen&quot; in search box"/>
  <testcase time="0" classname="Scenario: Search by valid last name" name="And user submits search request"/>
  <testcase time="0" classname="Scenario: Search by valid last name" name="Then the output should be &quot;Allen&quot;"/>
  <testcase time="0.069" classname="Scenario: Search by valid last name" name="Scenario: Search by valid last name"/>
  <testcase time="0" classname="Scenario: Search by valid first name" name="Given user is on search page"/>
  <testcase time="0" classname="Scenario: Search by valid first name" name="When user enters &quot;Addie&quot; in search box"/>
  <testcase time="0" classname="Scenario: Search by valid first name" name="And user submits search request"/>
  <testcase time="0" classname="Scenario: Search by valid first name" name="Then the output should be &quot;Addie&quot;"/>
  <testcase time="0.063" classname="Scenario: Search by valid first name" name="Scenario: Search by valid first name"/>
  <testcase time="0" classname="Scenario: Search by valid email" name="Given user is on search page"/>
  <testcase time="0.001" classname="Scenario: Search by valid email" name="When user enters &quot;Cara.Murphey@whitestratus.com&quot; in search box"/>
  <testcase time="0" classname="Scenario: Search by valid email" name="And user submits search request"/>
  <testcase time="0" classname="Scenario: Search by valid email" name="Then the output should be &quot;Cara.Murphey@whitestratus.com&quot;"/>
  <testcase time="0.058" classname="Scenario: Search by valid email" name="Scenario: Search by valid email"/>
  <testcase time="0" classname="Scenario: Cheking we are searing for people" name="Given user is on search page"/>
  <testcase time="0" classname="Scenario: Cheking we are searing for people" name="And people scope is checked"/>
  <testcase time="0" classname="Scenario: Cheking we are searing for people" name="When user enters &quot;a&quot; in search box"/>
  <testcase time="0" classname="Scenario: Cheking we are searing for people" name="And user submits search request"/>
  <testcase time="0" classname="Scenario: Cheking we are searing for people" name="Then we should see Users first name, last name, and email"/>
  <testcase time="0.058" classname="Scenario: Cheking we are searing for people" name="Scenario: Cheking we are searing for people"/>
  <testcase time="0" classname="Scenario: Sorting users by last name" name="Given user is on search page"/>
  <testcase time="0" classname="Scenario: Sorting users by last name" name="And the following employees exist"/>
  <testcase time="0.001" classname="Scenario: Sorting users by last name" name="When user enters &quot;ab&quot; in search box"/>
  <testcase time="0" classname="Scenario: Sorting users by last name" name="And user submits search request"/>
  <testcase time="0" classname="Scenario: Sorting users by last name" name="And user clicks on last name to sort"/>
  <testcase time="0" classname="Scenario: Sorting users by last name" name="Then the output should be"/>
  <testcase time="0.058" classname="Scenario: Sorting users by last name" name="Scenario: Sorting users by last name"/>
  <testcase time="0" classname="Scenario: Checking arrow direction after Sorting" name="Given user is on search page"/>
  <testcase time="0" classname="Scenario: Checking arrow direction after Sorting" name="When user enters &quot;ab&quot; in search box"/>
  <testcase time="0" classname="Scenario: Checking arrow direction after Sorting" name="And user submits search request"/>
  <testcase time="0.001" classname="Scenario: Checking arrow direction after Sorting" name="And user clicks on last name to sort"/>
  <testcase time="0" classname="Scenario: Checking arrow direction after Sorting" name="Then arrow should be &quot;ngSortButtonDown&quot;"/>
  <testcase time="0" classname="Scenario: Checking arrow direction after Sorting" name="And user clicks on last name to sort"/>
  <testcase time="0" classname="Scenario: Checking arrow direction after Sorting" name="Then arrow should be &quot;ngSortButtonUp&quot;"/>
  <testcase time="0.058" classname="Scenario: Checking arrow direction after Sorting" name="Scenario: Checking arrow direction after Sorting"/>
  <testcase time="0" classname="Scenario: Search by valid last name" name="Given user is on search page"/>
  <testcase time="0" classname="Scenario: Search by valid last name" name="When user enters &quot;Allen&quot; in search box"/>
  <testcase time="0" classname="Scenario: Search by valid last name" name="And user submits search request"/>
  <testcase time="0" classname="Scenario: Search by valid last name" name="Then the output should be &quot;Allen&quot;"/>
  <testcase time="0.056" classname="Scenario: Search by valid last name" name="Scenario: Search by valid last name"/>
  <testcase time="0.001" classname="Scenario: Search people by valid name" name="Given user is on search page"/>
  <testcase time="0" classname="Scenario: Search people by valid name" name="And the following employees exist"/>
  <testcase time="0" classname="Scenario: Search people by valid name" name="And user enters &quot;Allen&quot; in search box"/>
  <testcase time="0" classname="Scenario: Search people by valid name" name="When user submits search request"/>
  <testcase time="0" classname="Scenario: Search people by valid name" name="Then the output should be"/>
  <testcase time="0.058" classname="Scenario: Search people by valid name" name="Scenario: Search people by valid name"/>
  <testcase time="0" classname="Scenario: Search people by two letters" name="Given user is on search page"/>
  <testcase time="0" classname="Scenario: Search people by two letters" name="And the following employees exist"/>
  <testcase time="0" classname="Scenario: Search people by two letters" name="And user enters &quot;ab&quot; in search box"/>
  <testcase time="0" classname="Scenario: Search people by two letters" name="When user submits search request"/>
  <testcase time="0" classname="Scenario: Search people by two letters" name="Then the output should be"/>
  <testcase time="0.059" classname="Scenario: Search people by two letters" name="Scenario: Search people by two letters"/>
</testsuite>